<?xml version="1.0" encoding="UTF-8"?>
<testng-results ignored="0" total="1" passed="1" failed="0" skipped="0">
  <reporter-output>
  </reporter-output>
  <suite started-at="2021-02-19T03:54:19Z" name="Surefire suite" finished-at="2021-02-19T03:54:19Z" duration-ms="26">
    <groups>
    </groups>
    <test started-at="2021-02-19T03:54:19Z" name="Surefire test" finished-at="2021-02-19T03:54:19Z" duration-ms="26">
      <class name="ToolsQA.APITest">
        <test-method signature="rest()[pri:0, instance:ToolsQA.APITest@954b04f]" started-at="2021-02-19T03:54:19Z" name="rest" finished-at="2021-02-19T03:54:19Z" duration-ms="6" status="PASS">
          <reporter-output>
          </reporter-output>
        </test-method> <!-- rest -->
      </class> <!-- ToolsQA.APITest -->
    </test> <!-- Surefire test -->
  </suite> <!-- Surefire suite -->
</testng-results>
